<?xml version="1.0" encoding="UTF-8"?>
<!-- Generated by org.testng.reporters.JUnitReportReporter -->
<testsuite hostname="DESKTOP-3MREL07" failures="0" tests="1" name="TestGroup.LoggingTest.YouTubeAdFree" time="7.945" errors="0" timestamp="2023-08-08T00:38:20 IST" skipped="0">
  <testcase classname="TestGroup.LoggingTest.YouTubeAdFree" name="methodMain" time="7.945"/>
  <system-out/>
</testsuite> <!-- TestGroup.LoggingTest.YouTubeAdFree -->
