<?xml version="1.0" encoding="UTF-8"?>
<!-- Generated by org.testng.reporters.JUnitReportReporter -->
<testsuite hostname="DESKTOP-3MREL07" failures="0" tests="1" name="TestGroup.LoggingTest.YouTubeAdFree2" time="0.002" errors="0" timestamp="2023-08-06T19:37:35 IST" skipped="0">
  <testcase classname="TestGroup.LoggingTest.YouTubeAdFree2" name="shouldAnswerWithTrue" time="0.002"/>
  <system-out/>
</testsuite> <!-- TestGroup.LoggingTest.YouTubeAdFree2 -->
